<?xml version="1.0" encoding="UTF-8"?>
<!-- Generated by org.testng.reporters.JUnitXMLReporter -->
<testsuite ignored="0" hostname="Soham" failures="0" tests="11" name="Default test" time="62.877" errors="0" timestamp="2025-03-24T21:39:45 IST">
  <testcase classname="testcases.CartTest" name="testAccessCartWithoutLogin" time="4.459"/>
  <testcase classname="testcases.CartTest" name="verifyAboutMenu" time="8.279"/>
  <testcase classname="testcases.CartTest" name="verifyAllItemsMenu" time="3.166"/>
  <testcase classname="testcases.CartTest" name="verifyApplicationTitle" time="0.008"/>
  <testcase classname="testcases.CartTest" name="verifyApplicationUrl" time="0.008"/>
  <testcase classname="testcases.CartTest" name="verifyCartAfterRemovingProduct" time="4.141"/>
  <testcase classname="testcases.CartTest" name="verifyCheckout" time="4.079"/>
  <testcase classname="testcases.CartTest" name="verifyContinueShoppingBtn" time="3.106"/>
  <testcase classname="testcases.CartTest" name="verifyLogoutMenu" time="3.171"/>
  <testcase classname="testcases.CartTest" name="verifyProductNameClickNavigation" time="0.083"/>
  <testcase classname="testcases.CartTest" name="verifyResetAppMenu" time="3.141"/>
</testsuite> <!-- Default test -->
