<?xml version="1.0" encoding="UTF-8"?>
<!-- Generated by org.testng.reporters.JUnitXMLReporter -->
<testsuite ignored="0" hostname="Soham" failures="0" tests="3" name="Default test" time="8.523" errors="0" timestamp="2025-03-22T01:57:41 IST">
  <testcase classname="testcases.LoginTest" name="logintoapplication" time="0.849"/>
  <testcase classname="testcases.LoginTest" name="verifyTitleOfApplication" time="0.043"/>
  <testcase classname="testcases.LoginTest" name="verifyURLOfApplication" time="0.042"/>
</testsuite> <!-- Default test -->
