<?xml version="1.0" encoding="UTF-8"?>
<testng-results ignored="0" total="1" passed="1" failed="0" skipped="0">
  <reporter-output>
  </reporter-output>
  <suite started-at="2025-03-22T00:14:36 IST" name="Default suite" finished-at="2025-03-22T00:14:40 IST" duration-ms="4006">
    <groups>
    </groups>
    <test started-at="2025-03-22T00:14:36 IST" name="Default test" finished-at="2025-03-22T00:14:40 IST" duration-ms="4006">
      <class name="testcases.CheckoutStep2Test">
        <test-method is-config="true" signature="setup()[pri:0, instance:testcases.CheckoutStep2Test@d737b89]" started-at="2025-03-22T00:14:36 IST" name="setup" finished-at="2025-03-22T00:14:40 IST" duration-ms="3885" status="PASS">
          <reporter-output>
          </reporter-output>
        </test-method> <!-- setup -->
        <test-method signature="checkFinishBtn()[pri:0, instance:testcases.CheckoutStep2Test@d737b89]" started-at="2025-03-22T00:14:40 IST" name="checkFinishBtn" finished-at="2025-03-22T00:14:40 IST" duration-ms="73" status="PASS">
          <reporter-output>
          </reporter-output>
        </test-method> <!-- checkFinishBtn -->
      </class> <!-- testcases.CheckoutStep2Test -->
    </test> <!-- Default test -->
  </suite> <!-- Default suite -->
</testng-results>
